app/build/outputs/logs/manifest-merger-debug-report.txt
-- Merging decision tree log ---
manifest
ADDED from src/main/AndroidManifest.xml:2:1-69:12
INJECTED from src/main/AndroidManifest.xml:2:1-69:12
INJECTED from src/main/AndroidManifest.xml:2:1-69:12
INJECTED from src/main/AndroidManifest.xml:2:1-69:12
MERGED from [com.android.databinding:adapters:1.3.1] AndroidManifest.xml:17:1-26:12
MERGED from [com.android.databinding:library:1.3.1] AndroidManifest.xml:17:1-26:12
MERGED from [com.android.support.constraint:constraint-layout:1.0.2] AndroidManifest.xml:2:1-11:12
MERGED from [io.reactivex.rxjava2:rxandroid:2.0.1] AndroidManifest.xml:15:1-21:12
MERGED from [com.android.support:design:27.1.0] AndroidManifest.xml:17:1-22:12
MERGED from [com.myhexaville:smart-image-picker:1.0.4] AndroidManifest.xml:2:1-34:12
MERGED from [pub.devrel:easypermissions:1.1.3] AndroidManifest.xml:2:1-19:12
MERGED from [com.theartofdev.edmodo:android-image-cropper:2.6.0] AndroidManifest.xml:2:1-12:12
MERGED from [com.android.support:appcompat-v7:27.1.1] AndroidManifest.xml:17:1-22:12
MERGED from [com.android.support:support-v4:27.1.0] AndroidManifest.xml:17:1-22:12
MERGED from [com.facebook.stetho:stetho-okhttp3:1.5.0] AndroidManifest.xml:2:1-13:12
MERGED from [com.facebook.stetho:stetho:1.5.0] AndroidManifest.xml:2:1-13:12
MERGED from [com.android.support:recyclerview-v7:27.1.0] AndroidManifest.xml:17:1-22:12
MERGED from [com.android.support:transition:27.1.0] AndroidManifest.xml:17:1-22:12
MERGED from [com.android.support:exifinterface:27.1.1] AndroidManifest.xml:17:1-22:12
MERGED from [com.android.support:support-media-compat:27.1.0] AndroidManifest.xml:17:1-22:12
MERGED from [com.android.support:support-fragment:27.1.1] AndroidManifest.xml:17:1-22:12
MERGED from [com.android.support:animated-vector-drawable:27.1.1] AndroidManifest.xml:17:1-22:12
MERGED from [com.android.support:support-core-ui:27.1.1] AndroidManifest.xml:17:1-22:12
MERGED from [com.android.support:support-core-utils:27.1.1] AndroidManifest.xml:17:1-22:12
MERGED from [com.android.support:support-vector-drawable:27.1.1] AndroidManifest.xml:17:1-22:12
MERGED from [com.android.support:support-compat:27.1.1] AndroidManifest.xml:17:1-22:12
MERGED from [android.arch.lifecycle:livedata-core:1.1.0] AndroidManifest.xml:17:1-22:12
MERGED from [android.arch.lifecycle:viewmodel:1.1.0] AndroidManifest.xml:17:1-22:12
MERGED from [android.arch.lifecycle:runtime:1.1.0] AndroidManifest.xml:17:1-22:12
MERGED from [android.arch.core:runtime:1.1.0] AndroidManifest.xml:17:1-22:12
INJECTED from src/main/AndroidManifest.xml:2:1-69:12
INJECTED from src/main/AndroidManifest.xml:2:1-69:12
INJECTED from src/main/AndroidManifest.xml:2:1-69:12
	package
		ADDED from src/main/AndroidManifest.xml:3:5-44
		INJECTED from src/main/AndroidManifest.xml
		INJECTED from src/main/AndroidManifest.xml
	android:versionName
		INJECTED from src/main/AndroidManifest.xml
		ADDED from src/main/AndroidManifest.xml:2:1-69:12
		INJECTED from src/main/AndroidManifest.xml
	android:versionCode
		INJECTED from src/main/AndroidManifest.xml
		ADDED from src/main/AndroidManifest.xml:2:1-69:12
		INJECTED from src/main/AndroidManifest.xml
	xmlns:android
		ADDED from src/main/AndroidManifest.xml:2:11-69
uses-feature#android.hardware.camera
ADDED from src/main/AndroidManifest.xml:5:5-60
	android:name
		ADDED from src/main/AndroidManifest.xml:5:19-57
uses-feature#android.hardware.camera.autofocus
ADDED from src/main/AndroidManifest.xml:6:5-70
	android:name
		ADDED from src/main/AndroidManifest.xml:6:19-67
uses-feature#0x00020000
ADDED from src/main/AndroidManifest.xml:7:5-9:35
	android:glEsVersion
		ADDED from src/main/AndroidManifest.xml:8:9-41
	android:required
		ADDED from src/main/AndroidManifest.xml:9:9-32
uses-permission#android.permission.CAMERA
ADDED from src/main/AndroidManifest.xml:11:5-65
MERGED from [com.myhexaville:smart-image-picker:1.0.4] AndroidManifest.xml:11:5-65
MERGED from [com.myhexaville:smart-image-picker:1.0.4] AndroidManifest.xml:11:5-65
	android:name
		ADDED from src/main/AndroidManifest.xml:11:22-62
uses-permission#android.permission.CHANGE_NETWORK_STATE
ADDED from src/main/AndroidManifest.xml:12:5-79
	android:name
		ADDED from src/main/AndroidManifest.xml:12:22-76
uses-permission#android.permission.MODIFY_AUDIO_SETTINGS
ADDED from src/main/AndroidManifest.xml:13:5-80
	android:name
		ADDED from src/main/AndroidManifest.xml:13:22-77
uses-permission#android.permission.RECORD_AUDIO
ADDED from src/main/AndroidManifest.xml:14:5-71
	android:name
		ADDED from src/main/AndroidManifest.xml:14:22-68
uses-permission#android.permission.INTERNET
ADDED from src/main/AndroidManifest.xml:15:5-67
	android:name
		ADDED from src/main/AndroidManifest.xml:15:22-64
uses-permission#android.permission.WRITE_EXTERNAL_STORAGE
ADDED from src/main/AndroidManifest.xml:16:5-81
	android:name
		ADDED from src/main/AndroidManifest.xml:16:22-78
uses-permission#android.permission.ACCESS_NETWORK_STATE
ADDED from src/main/AndroidManifest.xml:17:5-79
	android:name
		ADDED from src/main/AndroidManifest.xml:17:22-76
uses-permission#android.permission.BLUETOOTH
ADDED from src/main/AndroidManifest.xml:18:5-68
	android:name
		ADDED from src/main/AndroidManifest.xml:18:22-65
application
ADDED from src/main/AndroidManifest.xml:20:5-67:19
MERGED from [com.android.support.constraint:constraint-layout:1.0.2] AndroidManifest.xml:9:5-20
MERGED from [com.android.support.constraint:constraint-layout:1.0.2] AndroidManifest.xml:9:5-20
MERGED from [com.myhexaville:smart-image-picker:1.0.4] AndroidManifest.xml:14:5-32:19
MERGED from [com.myhexaville:smart-image-picker:1.0.4] AndroidManifest.xml:14:5-32:19
MERGED from [pub.devrel:easypermissions:1.1.3] AndroidManifest.xml:11:5-17:19
MERGED from [pub.devrel:easypermissions:1.1.3] AndroidManifest.xml:11:5-17:19
MERGED from [com.facebook.stetho:stetho-okhttp3:1.5.0] AndroidManifest.xml:11:5-20
MERGED from [com.facebook.stetho:stetho-okhttp3:1.5.0] AndroidManifest.xml:11:5-20
MERGED from [com.facebook.stetho:stetho:1.5.0] AndroidManifest.xml:11:5-20
MERGED from [com.facebook.stetho:stetho:1.5.0] AndroidManifest.xml:11:5-20
	android:supportsRtl
		ADDED from src/main/AndroidManifest.xml:25:9-35
	android:label
		ADDED from src/main/AndroidManifest.xml:24:9-41
	android:icon
		ADDED from src/main/AndroidManifest.xml:23:9-43
	android:allowBackup
		ADDED from src/main/AndroidManifest.xml:22:9-35
	android:theme
		ADDED from src/main/AndroidManifest.xml:26:9-40
	android:name
		ADDED from src/main/AndroidManifest.xml:21:9-31
activity#com.myhexaville.androidwebrtc.app_rtc_sample.main.AppRTCMainActivity
ADDED from src/main/AndroidManifest.xml:27:9-30:55
	android:label
		ADDED from src/main/AndroidManifest.xml:29:13-45
	android:windowSoftInputMode
		ADDED from src/main/AndroidManifest.xml:30:13-52
	android:name
		ADDED from src/main/AndroidManifest.xml:28:13-67
activity#com.myhexaville.androidwebrtc.app_rtc_sample.call.CallActivity
ADDED from src/main/AndroidManifest.xml:31:9-36:52
	android:screenOrientation
		ADDED from src/main/AndroidManifest.xml:35:13-49
	android:label
		ADDED from src/main/AndroidManifest.xml:34:13-45
	android:configChanges
		ADDED from src/main/AndroidManifest.xml:33:13-59
	android:theme
		ADDED from src/main/AndroidManifest.xml:36:13-49
	android:name
		ADDED from src/main/AndroidManifest.xml:32:13-61
activity#com.myhexaville.androidwebrtc.LauncherActivity
ADDED from src/main/AndroidManifest.xml:37:9-46:20
	android:label
		ADDED from src/main/AndroidManifest.xml:39:13-58
	android:theme
		ADDED from src/main/AndroidManifest.xml:40:13-56
	android:name
		ADDED from src/main/AndroidManifest.xml:38:13-45
intent-filter#android.intent.action.MAIN+android.intent.category.LAUNCHER
ADDED from src/main/AndroidManifest.xml:41:13-45:29
action#android.intent.action.MAIN
ADDED from src/main/AndroidManifest.xml:42:17-69
	android:name
		ADDED from src/main/AndroidManifest.xml:42:25-66
category#android.intent.category.LAUNCHER
ADDED from src/main/AndroidManifest.xml:44:17-77
	android:name
		ADDED from src/main/AndroidManifest.xml:44:27-74
activity#com.myhexaville.androidwebrtc.tutorial.CameraRenderActivity
ADDED from src/main/AndroidManifest.xml:47:9-50:59
	android:label
		ADDED from src/main/AndroidManifest.xml:49:13-45
	android:theme
		ADDED from src/main/AndroidManifest.xml:50:13-56
	android:name
		ADDED from src/main/AndroidManifest.xml:48:13-58
activity#com.myhexaville.androidwebrtc.tutorial.MediaStreamActivity
ADDED from src/main/AndroidManifest.xml:51:9-54:59
	android:label
		ADDED from src/main/AndroidManifest.xml:53:13-74
	android:theme
		ADDED from src/main/AndroidManifest.xml:54:13-56
	android:name
		ADDED from src/main/AndroidManifest.xml:52:13-57
activity#com.myhexaville.androidwebrtc.tutorial.MediaStreamActivityAnswer
ADDED from src/main/AndroidManifest.xml:55:9-58:59
	android:label
		ADDED from src/main/AndroidManifest.xml:57:13-78
	android:theme
		ADDED from src/main/AndroidManifest.xml:58:13-56
	android:name
		ADDED from src/main/AndroidManifest.xml:56:13-63
activity#com.myhexaville.androidwebrtc.tutorial.DataChannelActivity
ADDED from src/main/AndroidManifest.xml:59:9-62:59
	android:label
		ADDED from src/main/AndroidManifest.xml:61:13-71
	android:theme
		ADDED from src/main/AndroidManifest.xml:62:13-56
	android:name
		ADDED from src/main/AndroidManifest.xml:60:13-57
activity#com.myhexaville.androidwebrtc.tutorial.CompleteActivity
ADDED from src/main/AndroidManifest.xml:63:9-66:68
	android:label
		ADDED from src/main/AndroidManifest.xml:65:13-60
	android:theme
		ADDED from src/main/AndroidManifest.xml:66:13-56
	android:name
		ADDED from src/main/AndroidManifest.xml:64:13-54
uses-sdk
INJECTED from src/main/AndroidManifest.xml reason: use-sdk injection requested
INJECTED from src/main/AndroidManifest.xml
INJECTED from src/main/AndroidManifest.xml
MERGED from [com.android.databinding:adapters:1.3.1] AndroidManifest.xml:22:5-24:41
MERGED from [com.android.databinding:adapters:1.3.1] AndroidManifest.xml:22:5-24:41
MERGED from [com.android.databinding:library:1.3.1] AndroidManifest.xml:22:5-24:41
MERGED from [com.android.databinding:library:1.3.1] AndroidManifest.xml:22:5-24:41
MERGED from [com.android.support.constraint:constraint-layout:1.0.2] AndroidManifest.xml:5:5-7:41
MERGED from [com.android.support.constraint:constraint-layout:1.0.2] AndroidManifest.xml:5:5-7:41
MERGED from [io.reactivex.rxjava2:rxandroid:2.0.1] AndroidManifest.xml:19:5-43
MERGED from [io.reactivex.rxjava2:rxandroid:2.0.1] AndroidManifest.xml:19:5-43
MERGED from [com.android.support:design:27.1.0] AndroidManifest.xml:20:5-44
MERGED from [com.android.support:design:27.1.0] AndroidManifest.xml:20:5-44
MERGED from [com.myhexaville:smart-image-picker:1.0.4] AndroidManifest.xml:7:5-9:41
MERGED from [com.myhexaville:smart-image-picker:1.0.4] AndroidManifest.xml:7:5-9:41
MERGED from [pub.devrel:easypermissions:1.1.3] AndroidManifest.xml:7:5-9:41
MERGED from [pub.devrel:easypermissions:1.1.3] AndroidManifest.xml:7:5-9:41
MERGED from [com.theartofdev.edmodo:android-image-cropper:2.6.0] AndroidManifest.xml:8:5-10:41
MERGED from [com.theartofdev.edmodo:android-image-cropper:2.6.0] AndroidManifest.xml:8:5-10:41
MERGED from [com.android.support:appcompat-v7:27.1.1] AndroidManifest.xml:20:5-44
MERGED from [com.android.support:appcompat-v7:27.1.1] AndroidManifest.xml:20:5-44
MERGED from [com.android.support:support-v4:27.1.0] AndroidManifest.xml:20:5-44
MERGED from [com.android.support:support-v4:27.1.0] AndroidManifest.xml:20:5-44
MERGED from [com.facebook.stetho:stetho-okhttp3:1.5.0] AndroidManifest.xml:7:5-9:41
MERGED from [com.facebook.stetho:stetho-okhttp3:1.5.0] AndroidManifest.xml:7:5-9:41
MERGED from [com.facebook.stetho:stetho:1.5.0] AndroidManifest.xml:7:5-9:41
MERGED from [com.facebook.stetho:stetho:1.5.0] AndroidManifest.xml:7:5-9:41
MERGED from [com.android.support:recyclerview-v7:27.1.0] AndroidManifest.xml:20:5-44
MERGED from [com.android.support:recyclerview-v7:27.1.0] AndroidManifest.xml:20:5-44
MERGED from [com.android.support:transition:27.1.0] AndroidManifest.xml:20:5-44
MERGED from [com.android.support:transition:27.1.0] AndroidManifest.xml:20:5-44
MERGED from [com.android.support:exifinterface:27.1.1] AndroidManifest.xml:20:5-44
MERGED from [com.android.support:exifinterface:27.1.1] AndroidManifest.xml:20:5-44
MERGED from [com.android.support:support-media-compat:27.1.0] AndroidManifest.xml:20:5-44
MERGED from [com.android.support:support-media-compat:27.1.0] AndroidManifest.xml:20:5-44
MERGED from [com.android.support:support-fragment:27.1.1] AndroidManifest.xml:20:5-44
MERGED from [com.android.support:support-fragment:27.1.1] AndroidManifest.xml:20:5-44
MERGED from [com.android.support:animated-vector-drawable:27.1.1] AndroidManifest.xml:20:5-44
MERGED from [com.android.support:animated-vector-drawable:27.1.1] AndroidManifest.xml:20:5-44
MERGED from [com.android.support:support-core-ui:27.1.1] AndroidManifest.xml:20:5-44
MERGED from [com.android.support:support-core-ui:27.1.1] AndroidManifest.xml:20:5-44
MERGED from [com.android.support:support-core-utils:27.1.1] AndroidManifest.xml:20:5-44
MERGED from [com.android.support:support-core-utils:27.1.1] AndroidManifest.xml:20:5-44
MERGED from [com.android.support:support-vector-drawable:27.1.1] AndroidManifest.xml:20:5-44
MERGED from [com.android.support:support-vector-drawable:27.1.1] AndroidManifest.xml:20:5-44
MERGED from [com.android.support:support-compat:27.1.1] AndroidManifest.xml:20:5-44
MERGED from [com.android.support:support-compat:27.1.1] AndroidManifest.xml:20:5-44
MERGED from [android.arch.lifecycle:livedata-core:1.1.0] AndroidManifest.xml:20:5-44
MERGED from [android.arch.lifecycle:livedata-core:1.1.0] AndroidManifest.xml:20:5-44
MERGED from [android.arch.lifecycle:viewmodel:1.1.0] AndroidManifest.xml:20:5-44
MERGED from [android.arch.lifecycle:viewmodel:1.1.0] AndroidManifest.xml:20:5-44
MERGED from [android.arch.lifecycle:runtime:1.1.0] AndroidManifest.xml:20:5-44
MERGED from [android.arch.lifecycle:runtime:1.1.0] AndroidManifest.xml:20:5-44
MERGED from [android.arch.core:runtime:1.1.0] AndroidManifest.xml:20:5-44
MERGED from [android.arch.core:runtime:1.1.0] AndroidManifest.xml:20:5-44
INJECTED from src/main/AndroidManifest.xml
INJECTED from src/main/AndroidManifest.xml
	android:targetSdkVersion
		INJECTED from src/main/AndroidManifest.xml
		ADDED from src/main/AndroidManifest.xml
		INJECTED from src/main/AndroidManifest.xml
	android:minSdkVersion
		INJECTED from src/main/AndroidManifest.xml
		ADDED from src/main/AndroidManifest.xml
		INJECTED from src/main/AndroidManifest.xml
uses-permission#android.permission.READ_EXTERNAL_STORAGE
ADDED from [com.myhexaville:smart-image-picker:1.0.4] AndroidManifest.xml:12:5-80
	android:name
		ADDED from [com.myhexaville:smart-image-picker:1.0.4] AndroidManifest.xml:12:22-77
activity#com.theartofdev.edmodo.cropper.CropImageActivity
ADDED from [com.myhexaville:smart-image-picker:1.0.4] AndroidManifest.xml:18:9-21:47
	android:screenOrientation
		ADDED from [com.myhexaville:smart-image-picker:1.0.4] AndroidManifest.xml:20:13-49
	android:theme
		ADDED from [com.myhexaville:smart-image-picker:1.0.4] AndroidManifest.xml:21:13-44
	android:name
		ADDED from [com.myhexaville:smart-image-picker:1.0.4] AndroidManifest.xml:19:13-76
provider#com.myhexaville.smartimagepicker.CustomFileProvider
ADDED from [com.myhexaville:smart-image-picker:1.0.4] AndroidManifest.xml:23:9-31:20
	android:grantUriPermissions
		ADDED from [com.myhexaville:smart-image-picker:1.0.4] AndroidManifest.xml:27:13-47
	android:authorities
		ADDED from [com.myhexaville:smart-image-picker:1.0.4] AndroidManifest.xml:25:13-79
	android:exported
		ADDED from [com.myhexaville:smart-image-picker:1.0.4] AndroidManifest.xml:26:13-37
	android:name
		ADDED from [com.myhexaville:smart-image-picker:1.0.4] AndroidManifest.xml:24:13-79
meta-data#android.support.FILE_PROVIDER_PATHS
ADDED from [com.myhexaville:smart-image-picker:1.0.4] AndroidManifest.xml:28:13-30:54
	android:resource
		ADDED from [com.myhexaville:smart-image-picker:1.0.4] AndroidManifest.xml:30:17-51
	android:name
		ADDED from [com.myhexaville:smart-image-picker:1.0.4] AndroidManifest.xml:29:17-67
activity#pub.devrel.easypermissions.AppSettingsDialogHolderActivity
ADDED from [pub.devrel:easypermissions:1.1.3] AndroidManifest.xml:12:9-16:66
	android:label
		ADDED from [pub.devrel:easypermissions:1.1.3] AndroidManifest.xml:15:13-29
	android:exported
		ADDED from [pub.devrel:easypermissions:1.1.3] AndroidManifest.xml:14:13-37
	android:theme
		ADDED from [pub.devrel:easypermissions:1.1.3] AndroidManifest.xml:16:13-63
	android:name
		ADDED from [pub.devrel:easypermissions:1.1.3] AndroidManifest.xml:13:13-86